{"C:\\Users\\rafae\\OneDrive\\Área de Trabalho\\api-produtos-gcsII\\src\\database.js": {"path":"C:\\Users\\rafae\\OneDrive\\Área de Trabalho\\api-produtos-gcsII\\src\\database.js","statementMap":{"0":{"start":{"line":1,"column":16},"end":{"line":1,"column":44}},"1":{"start":{"line":4,"column":11},"end":{"line":4,"column":47}},"2":{"start":{"line":7,"column":0},"end":{"line":36,"column":3}},"3":{"start":{"line":8,"column":4},"end":{"line":35,"column":7}},"4":{"start":{"line":17,"column":8},"end":{"line":34,"column":9}},"5":{"start":{"line":18,"column":12},"end":{"line":18,"column":66}},"6":{"start":{"line":20,"column":12},"end":{"line":20,"column":66}},"7":{"start":{"line":23,"column":25},"end":{"line":26,"column":14}},"8":{"start":{"line":29,"column":12},"end":{"line":29,"column":63}},"9":{"start":{"line":30,"column":12},"end":{"line":30,"column":58}},"10":{"start":{"line":31,"column":12},"end":{"line":31,"column":72}},"11":{"start":{"line":33,"column":12},"end":{"line":33,"column":28}},"12":{"start":{"line":38,"column":0},"end":{"line":38,"column":20}}},"fnMap":{"0":{"name":"(anonymous_0)","decl":{"start":{"line":7,"column":13},"end":{"line":7,"column":14}},"loc":{"start":{"line":7,"column":19},"end":{"line":36,"column":1}},"line":7},"1":{"name":"(anonymous_1)","decl":{"start":{"line":16,"column":7},"end":{"line":16,"column":8}},"loc":{"start":{"line":16,"column":16},"end":{"line":35,"column":5}},"line":16}},"branchMap":{"0":{"loc":{"start":{"line":17,"column":8},"end":{"line":34,"column":9}},"type":"if","locations":[{"start":{"line":17,"column":8},"end":{"line":34,"column":9}},{"start":{"line":19,"column":15},"end":{"line":34,"column":9}}],"line":17}},"s":{"0":1,"1":1,"2":1,"3":1,"4":1,"5":0,"6":1,"7":1,"8":1,"9":1,"10":1,"11":1,"12":1},"f":{"0":1,"1":1},"b":{"0":[0,1]},"_coverageSchema":"1a1c01bbd47fc00a2c39e90264f33305004495a9","hash":"4b9b6752efa4850739cc623189c1fd43fdf2fe36"}
,"C:\\Users\\rafae\\OneDrive\\Área de Trabalho\\api-produtos-gcsII\\src\\server.js": {"path":"C:\\Users\\rafae\\OneDrive\\Área de Trabalho\\api-produtos-gcsII\\src\\server.js","statementMap":{"0":{"start":{"line":1,"column":16},"end":{"line":1,"column":34}},"1":{"start":{"line":2,"column":11},"end":{"line":2,"column":32}},"2":{"start":{"line":3,"column":12},"end":{"line":3,"column":21}},"3":{"start":{"line":4,"column":13},"end":{"line":4,"column":17}},"4":{"start":{"line":6,"column":0},"end":{"line":6,"column":24}},"5":{"start":{"line":8,"column":0},"end":{"line":16,"column":3}},"6":{"start":{"line":9,"column":4},"end":{"line":15,"column":7}},"7":{"start":{"line":10,"column":8},"end":{"line":13,"column":9}},"8":{"start":{"line":11,"column":12},"end":{"line":11,"column":57}},"9":{"start":{"line":12,"column":12},"end":{"line":12,"column":19}},"10":{"start":{"line":14,"column":8},"end":{"line":14,"column":37}},"11":{"start":{"line":19,"column":0},"end":{"line":46,"column":3}},"12":{"start":{"line":20,"column":47},"end":{"line":20,"column":55}},"13":{"start":{"line":23,"column":4},"end":{"line":25,"column":5}},"14":{"start":{"line":24,"column":8},"end":{"line":24,"column":99}},"15":{"start":{"line":28,"column":17},"end":{"line":28,"column":104}},"16":{"start":{"line":31,"column":4},"end":{"line":44,"column":7}},"17":{"start":{"line":32,"column":8},"end":{"line":35,"column":9}},"18":{"start":{"line":33,"column":12},"end":{"line":33,"column":57}},"19":{"start":{"line":34,"column":12},"end":{"line":34,"column":19}},"20":{"start":{"line":37,"column":8},"end":{"line":43,"column":11}},"21":{"start":{"line":45,"column":4},"end":{"line":45,"column":20}},"22":{"start":{"line":48,"column":0},"end":{"line":71,"column":3}},"23":{"start":{"line":49,"column":19},"end":{"line":49,"column":29}},"24":{"start":{"line":52,"column":4},"end":{"line":70,"column":7}},"25":{"start":{"line":53,"column":8},"end":{"line":55,"column":9}},"26":{"start":{"line":54,"column":12},"end":{"line":54,"column":64}},"27":{"start":{"line":57,"column":8},"end":{"line":59,"column":9}},"28":{"start":{"line":58,"column":12},"end":{"line":58,"column":77}},"29":{"start":{"line":62,"column":8},"end":{"line":69,"column":11}},"30":{"start":{"line":63,"column":12},"end":{"line":65,"column":13}},"31":{"start":{"line":64,"column":16},"end":{"line":64,"column":68}},"32":{"start":{"line":68,"column":12},"end":{"line":68,"column":42}},"33":{"start":{"line":75,"column":0},"end":{"line":79,"column":1}},"34":{"start":{"line":76,"column":2},"end":{"line":78,"column":5}},"35":{"start":{"line":77,"column":4},"end":{"line":77,"column":59}},"36":{"start":{"line":81,"column":0},"end":{"line":81,"column":21}}},"fnMap":{"0":{"name":"(anonymous_0)","decl":{"start":{"line":8,"column":25},"end":{"line":8,"column":26}},"loc":{"start":{"line":8,"column":39},"end":{"line":16,"column":1}},"line":8},"1":{"name":"(anonymous_1)","decl":{"start":{"line":9,"column":41},"end":{"line":9,"column":42}},"loc":{"start":{"line":9,"column":56},"end":{"line":15,"column":5}},"line":9},"2":{"name":"(anonymous_2)","decl":{"start":{"line":19,"column":26},"end":{"line":19,"column":27}},"loc":{"start":{"line":19,"column":40},"end":{"line":46,"column":1}},"line":19},"3":{"name":"(anonymous_3)","decl":{"start":{"line":31,"column":45},"end":{"line":31,"column":46}},"loc":{"start":{"line":31,"column":59},"end":{"line":44,"column":5}},"line":31},"4":{"name":"(anonymous_4)","decl":{"start":{"line":48,"column":32},"end":{"line":48,"column":33}},"loc":{"start":{"line":48,"column":46},"end":{"line":71,"column":1}},"line":48},"5":{"name":"(anonymous_5)","decl":{"start":{"line":52,"column":56},"end":{"line":52,"column":57}},"loc":{"start":{"line":52,"column":70},"end":{"line":70,"column":5}},"line":52},"6":{"name":"(anonymous_6)","decl":{"start":{"line":62,"column":58},"end":{"line":62,"column":59}},"loc":{"start":{"line":62,"column":72},"end":{"line":69,"column":9}},"line":62},"7":{"name":"(anonymous_7)","decl":{"start":{"line":76,"column":19},"end":{"line":76,"column":20}},"loc":{"start":{"line":76,"column":25},"end":{"line":78,"column":3}},"line":76}},"branchMap":{"0":{"loc":{"start":{"line":10,"column":8},"end":{"line":13,"column":9}},"type":"if","locations":[{"start":{"line":10,"column":8},"end":{"line":13,"column":9}},{"start":{},"end":{}}],"line":10},"1":{"loc":{"start":{"line":23,"column":4},"end":{"line":25,"column":5}},"type":"if","locations":[{"start":{"line":23,"column":4},"end":{"line":25,"column":5}},{"start":{},"end":{}}],"line":23},"2":{"loc":{"start":{"line":23,"column":8},"end":{"line":23,"column":48}},"type":"binary-expr","locations":[{"start":{"line":23,"column":8},"end":{"line":23,"column":13}},{"start":{"line":23,"column":17},"end":{"line":23,"column":23}},{"start":{"line":23,"column":27},"end":{"line":23,"column":33}},{"start":{"line":23,"column":37},"end":{"line":23,"column":48}}],"line":23},"3":{"loc":{"start":{"line":32,"column":8},"end":{"line":35,"column":9}},"type":"if","locations":[{"start":{"line":32,"column":8},"end":{"line":35,"column":9}},{"start":{},"end":{}}],"line":32},"4":{"loc":{"start":{"line":53,"column":8},"end":{"line":55,"column":9}},"type":"if","locations":[{"start":{"line":53,"column":8},"end":{"line":55,"column":9}},{"start":{},"end":{}}],"line":53},"5":{"loc":{"start":{"line":57,"column":8},"end":{"line":59,"column":9}},"type":"if","locations":[{"start":{"line":57,"column":8},"end":{"line":59,"column":9}},{"start":{},"end":{}}],"line":57},"6":{"loc":{"start":{"line":63,"column":12},"end":{"line":65,"column":13}},"type":"if","locations":[{"start":{"line":63,"column":12},"end":{"line":65,"column":13}},{"start":{},"end":{}}],"line":63},"7":{"loc":{"start":{"line":75,"column":0},"end":{"line":79,"column":1}},"type":"if","locations":[{"start":{"line":75,"column":0},"end":{"line":79,"column":1}},{"start":{},"end":{}}],"line":75}},"s":{"0":5,"1":5,"2":5,"3":5,"4":5,"5":5,"6":3,"7":3,"8":1,"9":1,"10":2,"11":5,"12":4,"13":4,"14":1,"15":3,"16":3,"17":3,"18":1,"19":1,"20":2,"21":3,"22":5,"23":4,"24":4,"25":4,"26":1,"27":3,"28":1,"29":2,"30":2,"31":1,"32":1,"33":5,"34":0,"35":0,"36":5},"f":{"0":3,"1":3,"2":4,"3":3,"4":4,"5":4,"6":2,"7":0},"b":{"0":[1,2],"1":[1,3],"2":[4,4,3,3],"3":[1,2],"4":[1,3],"5":[1,2],"6":[1,1],"7":[0,5]},"_coverageSchema":"1a1c01bbd47fc00a2c39e90264f33305004495a9","hash":"85c1d160d5b70f07649e4601efa957f31c0b471c"}
}
