TN:
SF:src\database.js
FN:7,(anonymous_0)
FN:16,(anonymous_1)
FNF:2
FNH:2
FNDA:1,(anonymous_0)
FNDA:1,(anonymous_1)
DA:1,1
DA:4,1
DA:7,1
DA:8,1
DA:17,1
DA:18,0
DA:20,1
DA:23,1
DA:29,1
DA:30,1
DA:31,1
DA:33,1
DA:38,1
LF:13
LH:12
BRDA:17,0,0,0
BRDA:17,0,1,1
BRF:2
BRH:1
end_of_record
TN:
SF:src\server.js
FN:8,(anonymous_0)
FN:9,(anonymous_1)
FN:19,(anonymous_2)
FN:31,(anonymous_3)
FN:48,(anonymous_4)
FN:52,(anonymous_5)
FN:62,(anonymous_6)
FN:76,(anonymous_7)
FNF:8
FNH:7
FNDA:2,(anonymous_0)
FNDA:2,(anonymous_1)
FNDA:3,(anonymous_2)
FNDA:2,(anonymous_3)
FNDA:2,(anonymous_4)
FNDA:2,(anonymous_5)
FNDA:1,(anonymous_6)
FNDA:0,(anonymous_7)
DA:1,1
DA:2,1
DA:3,1
DA:4,1
DA:6,1
DA:8,1
DA:9,2
DA:10,2
DA:11,0
DA:12,0
DA:14,2
DA:19,1
DA:20,3
DA:23,3
DA:24,1
DA:28,2
DA:31,2
DA:32,2
DA:33,0
DA:34,0
DA:37,2
DA:45,2
DA:48,1
DA:49,2
DA:52,2
DA:53,2
DA:54,0
DA:57,2
DA:58,1
DA:62,1
DA:63,1
DA:64,0
DA:68,1
DA:75,1
DA:76,0
DA:77,0
DA:81,1
LF:37
LH:29
BRDA:10,0,0,0
BRDA:10,0,1,2
BRDA:23,1,0,1
BRDA:23,1,1,2
BRDA:23,2,0,3
BRDA:23,2,1,3
BRDA:23,2,2,2
BRDA:23,2,3,2
BRDA:32,3,0,0
BRDA:32,3,1,2
BRDA:53,4,0,0
BRDA:53,4,1,2
BRDA:57,5,0,1
BRDA:57,5,1,1
BRDA:63,6,0,0
BRDA:63,6,1,1
BRDA:75,7,0,0
BRDA:75,7,1,1
BRF:18
BRH:13
end_of_record
