TN:
SF:src\database.js
FN:7,(anonymous_0)
FN:16,(anonymous_1)
FNF:2
FNH:2
FNDA:1,(anonymous_0)
FNDA:1,(anonymous_1)
DA:1,1
DA:4,1
DA:7,1
DA:8,1
DA:17,1
DA:18,0
DA:20,1
DA:23,1
DA:29,1
DA:30,1
DA:31,1
DA:33,1
DA:38,1
LF:13
LH:12
BRDA:17,0,0,0
BRDA:17,0,1,1
BRF:2
BRH:1
end_of_record
TN:
SF:src\server.js
FN:8,(anonymous_0)
FN:9,(anonymous_1)
FN:19,(anonymous_2)
FN:31,(anonymous_3)
FN:48,(anonymous_4)
FN:52,(anonymous_5)
FN:62,(anonymous_6)
FN:76,(anonymous_7)
FNF:8
FNH:7
FNDA:3,(anonymous_0)
FNDA:3,(anonymous_1)
FNDA:4,(anonymous_2)
FNDA:3,(anonymous_3)
FNDA:4,(anonymous_4)
FNDA:4,(anonymous_5)
FNDA:2,(anonymous_6)
FNDA:0,(anonymous_7)
DA:1,5
DA:2,5
DA:3,5
DA:4,5
DA:6,5
DA:8,5
DA:9,3
DA:10,3
DA:11,1
DA:12,1
DA:14,2
DA:19,5
DA:20,4
DA:23,4
DA:24,1
DA:28,3
DA:31,3
DA:32,3
DA:33,1
DA:34,1
DA:37,2
DA:45,3
DA:48,5
DA:49,4
DA:52,4
DA:53,4
DA:54,1
DA:57,3
DA:58,1
DA:62,2
DA:63,2
DA:64,1
DA:68,1
DA:75,5
DA:76,0
DA:77,0
DA:81,5
LF:37
LH:35
BRDA:10,0,0,1
BRDA:10,0,1,2
BRDA:23,1,0,1
BRDA:23,1,1,3
BRDA:23,2,0,4
BRDA:23,2,1,4
BRDA:23,2,2,3
BRDA:23,2,3,3
BRDA:32,3,0,1
BRDA:32,3,1,2
BRDA:53,4,0,1
BRDA:53,4,1,3
BRDA:57,5,0,1
BRDA:57,5,1,2
BRDA:63,6,0,1
BRDA:63,6,1,1
BRDA:75,7,0,0
BRDA:75,7,1,5
BRF:18
BRH:17
end_of_record
